Proxy connection error: [Errno 111] Connect call failed ('127.0.0.1', 8777)
Proxy connection error: [Errno 111] Connect call failed ('127.0.0.1', 8777)
Proxy connection error: [Errno 111] Connect call failed ('127.0.0.1', 8777)
Proxy connection error: [Errno 111] Connect call failed ('127.0.0.1', 8777)
[Request] GET / - 200
[Request] GET /favicon.ico - 404
[Request] GET / - 200
[Request] GET / - 200
[Request] GET / - 200
[Request] GET / - 200
[Request] GET / - 200
[Request] GET / - 200
[Request] GET / - 200
Control loop error: WebSocket closed
Reconnection failed: 502, message='Invalid response status', url='wss://retunnel.net/api/v1/ws/tunnel'
Reconnection failed: 502, message='Invalid response status', url='wss://retunnel.net/api/v1/ws/tunnel'
Reconnection failed: 502, message='Invalid response status', url='wss://retunnel.net/api/v1/ws/tunnel'
[Request] GET / - 200
[Request] GET /static/css/frappe-gantt.css - 200
[Request] GET /static/js/frappe-gantt.umd.js - 200
[Request] POST /api/report - 500
[Request] GET / - 200
[Request] GET /static/css/frappe-gantt.css - 200
[Request] GET /static/js/frappe-gantt.umd.js - 200
[Request] GET / - 200
[Request] GET /static/css/frappe-gantt.css - 200
[Request] GET /static/js/frappe-gantt.umd.js - 200
[Request] POST /api/report - 200
[Request] POST /api/report - 200
[Request] GET /static/css/frappe-gantt.css - 200
[Request] GET / - 200
[Request] GET /static/css/frappe-gantt.css - 200
[Request] GET /static/js/frappe-gantt.umd.js - 200
[Request] GET / - 200
[Request] GET /static/css/frappe-gantt.css - 200
[Request] GET /static/js/frappe-gantt.umd.js - 200
[Request] GET / - 200
[Request] GET /static/css/frappe-gantt.css - 200
[Request] GET /static/js/frappe-gantt.umd.js - 200
[Request] POST /api/report - 200
[Request] GET / - 200
[Request] GET /static/css/frappe-gantt.css - 200
[Request] GET /static/js/frappe-gantt.umd.js - 200
[Request] POST /api/report - 200
[Request] GET / - 200
[Request] GET /static/css/frappe-gantt.css - 200
[Request] GET /static/js/frappe-gantt.umd.js - 200
[Request] POST /api/report - 200
[Request] GET / - 200
[Request] GET /static/css/frappe-gantt.css - 200
[Request] GET /static/js/frappe-gantt.umd.js - 200
[Request] POST /api/report - 200
[Request] POST /api/report - 200
[Request] GET /static/css/frappe-gantt.css - 200
[Request] GET / - 200
[Request] GET /static/css/frappe-gantt.css - 200
[Request] GET /static/js/frappe-gantt.umd.js - 200
[Request] GET / - 200
[Request] GET /static/css/frappe-gantt.css - 200
[Request] GET /static/js/frappe-gantt.umd.js - 200
[Request] GET / - 200
[Request] GET /static/css/frappe-gantt.css - 200
[Request] GET /static/js/frappe-gantt.umd.js - 200
[Request] GET / - 200
[Request] GET /static/css/frappe-gantt.css - 200
[Request] GET /static/js/frappe-gantt.umd.js - 200
[Request] POST /api/report - 200
[Request] GET / - 200
[Request] GET /static/css/frappe-gantt.css - 200
[Request] GET /static/js/frappe-gantt.umd.js - 200
[Request] GET / - 200
[Request] GET /static/css/frappe-gantt.css - 200
[Request] GET /static/js/frappe-gantt.umd.js - 200
[Request] GET / - 200
[Request] GET /static/css/frappe-gantt.css - 200
[Request] GET /static/js/frappe-gantt.umd.js - 200
[Request] POST /api/report - 200
[Request] GET / - 200
[Request] GET /static/css/frappe-gantt.css - 200
[Request] GET /static/js/frappe-gantt.umd.js - 200
[Request] POST /api/report - 200
[Request] GET / - 200
[Request] GET /static/css/frappe-gantt.css - 200
[Request] GET /static/js/frappe-gantt.umd.js - 200
[Request] POST /api/report - 200
[Request] GET / - 200
[Request] GET /static/css/frappe-gantt.css - 200
[Request] GET /static/js/frappe-gantt.umd.js - 200
[Request] GET /favicon.ico - 404
[Request] POST /api/report - 200
Proxy connection error: [Errno 111] Connect call failed ('127.0.0.1', 8777)
[Request] GET / - 200
[Request] GET /static/css/frappe-gantt.css - 200
[Request] GET /static/js/frappe-gantt.umd.js - 200
[Request] GET / - 200
[Request] GET /static/css/frappe-gantt.css - 200
[Request] GET /static/js/frappe-gantt.umd.js - 200
[Request] POST /api/report - 200
Proxy connection error: [Errno 111] Connect call failed ('127.0.0.1', 8777)
[Request] GET / - 200
[Request] GET /static/js/frappe-gantt.umd.js - 200
[Request] GET /static/css/frappe-gantt.css - 200
[Request] POST /api/report - 200
Proxy connection error: [Errno 111] Connect call failed ('127.0.0.1', 8777)
Proxy connection error: [Errno 111] Connect call failed ('127.0.0.1', 8777)
[Request] GET / - 200
[Request] GET /static/css/frappe-gantt.css - 200
[Request] GET /static/js/frappe-gantt.umd.js - 200
[Request] GET /favicon.ico - 404
[Request] GET / - 200
[Request] GET /static/css/frappe-gantt.css - 200
[Request] GET /static/js/frappe-gantt.umd.js - 200
[Request] POST /api/report - 200
[Request] GET / - 200
[Request] GET /static/css/frappe-gantt.css - 200
[Request] GET /static/js/frappe-gantt.umd.js - 200
[Request] POST /api/report - 200
[Request] GET / - 200
[Request] GET /static/js/frappe-gantt.umd.js - 200
[Request] GET /static/css/frappe-gantt.css - 200
[Request] GET / - 200
[Request] GET /static/css/frappe-gantt.css - 200
[Request] GET /static/js/frappe-gantt.umd.js - 200
[Request] GET / - 200
[Request] GET /static/css/frappe-gantt.css - 200
[Request] GET /static/js/frappe-gantt.umd.js - 200
[Request] GET / - 200
[Request] GET /static/css/frappe-gantt.css - 200
[Request] GET /static/js/frappe-gantt.umd.js - 200
[Request] GET / - 200
[Request] GET /static/css/frappe-gantt.css - 200
[Request] GET /static/js/frappe-gantt.umd.js - 200
[Request] GET / - 200
[Request] GET /static/css/frappe-gantt.css - 200
[Request] GET /static/js/frappe-gantt.umd.js - 200
[Request] GET /favicon.ico - 404
[Request] POST /api/report - 200
[Request] GET /static/css/frappe-gantt.css - 200
[Request] GET / - 200
[Request] GET /static/css/frappe-gantt.css - 200
[Request] GET /static/js/frappe-gantt.umd.js - 200
[Request] GET / - 200
[Request] GET /static/css/frappe-gantt.css - 200
[Request] GET /static/js/frappe-gantt.umd.js - 200
[Request] GET /favicon.ico - 404
[Request] POST /api/report - 200
[Request] POST /api/report - 200
[Request] POST /api/report - 200
[Request] POST /api/report - 200
[Request] GET / - 200
[Request] GET /static/css/frappe-gantt.css - 200
[Request] GET /static/js/frappe-gantt.umd.js - 200
[Request] GET / - 200
[Request] GET /static/css/frappe-gantt.css - 200
[Request] GET /static/js/frappe-gantt.umd.js - 200
[Request] POST /api/report - 200
[Request] GET / - 200
[Request] GET /static/css/frappe-gantt.css - 200
[Request] GET /static/js/frappe-gantt.umd.js - 200
[Request] POST /api/report - 200
[Request] GET /static/css/frappe-gantt.css - 200
[Request] POST /api/report - 200
[Request] GET / - 200
[Request] GET /static/js/frappe-gantt.umd.js - 200
[Request] GET /static/css/frappe-gantt.css - 200
[Request] POST /api/report - 200
[Request] GET / - 200
[Request] GET /static/css/frappe-gantt.css - 200
[Request] GET /static/js/frappe-gantt.umd.js - 200
[Request] GET / - 200
[Request] GET /static/css/frappe-gantt.css - 200
[Request] GET /static/js/frappe-gantt.umd.js - 200
[Request] GET / - 200
[Request] GET /static/css/frappe-gantt.css - 200
[Request] GET /static/js/frappe-gantt.umd.js - 200
[Request] GET / - 200
[Request] GET /static/css/frappe-gantt.css - 200
[Request] GET /static/js/frappe-gantt.umd.js - 200
[Request] GET / - 200
[Request] GET /static/js/frappe-gantt.umd.js - 200
[Request] GET /static/css/frappe-gantt.css - 200
[Request] POST /api/report - 200
[Request] GET / - 200
[Request] GET /static/css/frappe-gantt.css - 200
[Request] GET /static/js/frappe-gantt.umd.js - 200
[Request] POST /api/report - 200
[Request] GET / - 500
[Request] GET / - 500
[Request] GET / - 200
[Request] POST /api/report - 200
[Request] POST /api/report - 200
Proxy connection error: [Errno 111] Connect call failed ('127.0.0.1', 8777)
Proxy connection error: [Errno 111] Connect call failed ('127.0.0.1', 8777)
Proxy connection error: [Errno 111] Connect call failed ('127.0.0.1', 8777)
Proxy connection error: [Errno 111] Connect call failed ('127.0.0.1', 8777)
Proxy connection error: [Errno 111] Connect call failed ('127.0.0.1', 8777)
Proxy connection error: [Errno 111] Connect call failed ('127.0.0.1', 8777)
[Request] GET / - 200
[Request] POST /api/report - 200
[Request] POST /api/report - 200
[Request] POST /api/report - 200
[Request] POST /api/report - 200
